<?xml version="1.0" encoding="UTF-8"?>
<testng-results skipped="0" failed="0" total="1" passed="1">
  <reporter-output>
  </reporter-output>
  <suite name="Surefire suite" duration-ms="14" started-at="2015-02-27T12:47:08Z" finished-at="2015-02-27T12:47:08Z">
    <groups>
    </groups>
    <test name="Surefire test" duration-ms="14" started-at="2015-02-27T12:47:08Z" finished-at="2015-02-27T12:47:08Z">
      <class name="com.javacodegeeks.testng.maven.TestNgMavenExample">
        <test-method status="PASS" signature="exampleOfTestNgMaven()[pri:0, instance:com.javacodegeeks.testng.maven.TestNgMavenExample@3e677646]" name="exampleOfTestNgMaven" duration-ms="5" started-at="2015-02-27T18:17:08Z" finished-at="2015-02-27T18:17:08Z">
          <reporter-output>
          </reporter-output>
        </test-method> <!-- exampleOfTestNgMaven -->
      </class> <!-- com.javacodegeeks.testng.maven.TestNgMavenExample -->
    </test> <!-- Surefire test -->
  </suite> <!-- Surefire suite -->
</testng-results>
